#
# A fatal error has been detected by the Java Runtime Environment:
#
#  Internal Error (classFileParser.cpp:3494), pid=9512, tid=8780
#  Error: ShouldNotReachHere()
#
# JRE version: 6.0_43-b01
# Java VM: Java HotSpot(TM) 64-Bit Server VM (20.14-b01 mixed mode windows-amd64 compressed oops)
# If you would like to submit a bug report, please visit:
#   http://java.sun.com/webapps/bugreport/crash.jsp
#

---------------  T H R E A D  ---------------

Current thread (0x000000000017b800):  JavaThread "Unknown thread" [_thread_in_vm, id=8780, stack(0x0000000001fc0000,0x00000000020c0000)]

Stack: [0x0000000001fc0000,0x00000000020c0000]
[error occurred during error reporting (printing stack bounds), id 0xc0000005]


---------------  P R O C E S S  ---------------

Java Threads: ( => current thread )

Other Threads:

=>0x000000000017b800 (exited) JavaThread "Unknown thread" [_thread_in_vm, id=8780, stack(0x0000000001fc0000,0x00000000020c0000)]

VM state:not at safepoint (not fully initialized)

VM Mutex/Monitor currently owned by a thread: None

Dynamic libraries:
0x0000000000400000 - 0x000000000042f000 	C:\Program Files\Java\jre6\bin\javaw.exe
0x00000000774d0000 - 0x0000000077679000 	C:\Windows\SYSTEM32\ntdll.dll
0x00000000773b0000 - 0x00000000774cf000 	C:\Windows\system32\kernel32.dll
0x000007fefdc50000 - 0x000007fefdcbc000 	C:\Windows\system32\KERNELBASE.dll
0x000007fefef60000 - 0x000007feff03b000 	C:\Windows\system32\ADVAPI32.dll
0x000007feff150000 - 0x000007feff1ef000 	C:\Windows\system32\msvcrt.dll
0x000007feff210000 - 0x000007feff22f000 	C:\Windows\SYSTEM32\sechost.dll
0x000007fefed60000 - 0x000007fefee8d000 	C:\Windows\system32\RPCRT4.dll
0x0000000076df0000 - 0x0000000076eea000 	C:\Windows\system32\USER32.dll
0x000007feff0e0000 - 0x000007feff147000 	C:\Windows\system32\GDI32.dll
0x000007feff7d0000 - 0x000007feff7de000 	C:\Windows\system32\LPK.dll
0x000007feff700000 - 0x000007feff7c9000 	C:\Windows\system32\USP10.dll
0x000007fefed30000 - 0x000007fefed5e000 	C:\Windows\system32\IMM32.DLL
0x000007feff470000 - 0x000007feff579000 	C:\Windows\system32\MSCTF.dll
0x000000006d810000 - 0x000000006dfcc000 	C:\Program Files\Java\jre6\bin\server\jvm.dll
0x000007fefb260000 - 0x000007fefb29b000 	C:\Windows\system32\WINMM.dll
0x000000006d780000 - 0x000000006d78e000 	C:\Program Files\Java\jre6\bin\verify.dll
0x000000006d3b0000 - 0x000000006d3d7000 	C:\Program Files\Java\jre6\bin\java.dll
0x000000006d7d0000 - 0x000000006d7e2000 	C:\Program Files\Java\jre6\bin\zip.dll
0x00000000776a0000 - 0x00000000776a7000 	C:\Windows\system32\PSAPI.DLL

VM Arguments:
jvm_args: -Dfile.encoding=GBK -Xbootclasspath:D:\workspace\android\adt\sdk\platforms\android-10\android.jar 
java_command: com.hecj.demo.sms.util.SMSStringUtil
Launcher Type: SUN_STANDARD

Environment Variables:
JAVA_HOME=C:\Program Files\Java\jdk1.6.0_43
CLASSPATH=F:\log4j\log4j-1.2.12.jar
PATH=D:\ProgramFile\oracle10g\product\bin;C:\Program Files (x86)\Common Files\NetSarang;C:\Program Files (x86)\Intel\iCLS Client\;C:\Program Files\Intel\iCLS Client\;C:\Windows\system32;C:\Windows;C:\Windows\System32\Wbem;C:\Windows\System32\WindowsPowerShell\v1.0\;C:\Program Files\Java\jdk1.6.0_43\bin;C:\Program Files\Java\jdk1.6.0_43\jre;C:\Program Files\Intel\Intel(R) Management Engine Components\DAL;C:\Program Files\Intel\Intel(R) Management Engine Components\IPT;C:\Program Files (x86)\Intel\Intel(R) Management Engine Components\DAL;C:\Program Files (x86)\Intel\Intel(R) Management Engine Components\IPT;D:\workspace\android\adt\sdk\tools;D:\workspace\android\adt\sdk\platform-tools;D:\ProgramFile\VisualSVN Server\bin;F:\log4j\log4j-1.2.12.jar;
USERNAME=HECJ
OS=Windows_NT
PROCESSOR_IDENTIFIER=Intel64 Family 6 Model 60 Stepping 3, GenuineIntel



---------------  S Y S T E M  ---------------

OS: Windows 7 , 64 bit Build 7601 Service Pack 1

CPU:total 2 (2 cores per cpu, 1 threads per core) family 6 model 60 stepping 3, cmov, cx8, fxsr, mmx, sse, sse2, sse3, ssse3, sse4.1, sse4.2, popcnt

Memory: 4k page, physical 3994260k(939724k free), swap 7986668k(1089896k free)

vm_info: Java HotSpot(TM) 64-Bit Server VM (20.14-b01) for windows-amd64 JRE (1.6.0_43-b01), built on Mar  1 2013 01:52:33 by "java_re" with MS VC++ 8.0 (VS2005)

time: Wed Sep 17 15:30:14 2014
elapsed time: 0 seconds

